2025-10-11 09:40:35, MOVE, v:1, k:poo@relogio, mode:PICK
2025-10-11 09:40:37, EXEC, v:1, k:poo@relogio, mode:FULL, rate:0, size:63
2025-10-11 09:42:09, EXEC, v:1, k:poo@relogio, mode:FULL, rate:0, size:63
2025-10-11 09:42:59, EXEC, v:1, k:poo@relogio, mode:FULL, rate:0, size:63
2025-10-11 09:44:00, EXEC, v:1, k:poo@relogio, mode:FULL, rate:0, size:63
2025-10-11 09:45:13, EXEC, v:1, k:poo@relogio, mode:FULL, rate:0, size:62
2025-10-11 09:48:01, EXEC, v:1, k:poo@relogio, mode:FREE
2025-10-11 09:53:59, EXEC, v:1, k:poo@relogio, mode:FULL, rate:0, size:62
2025-10-11 09:54:39, EXEC, v:1, k:poo@relogio, mode:FULL, rate:0, size:62
2025-10-11 09:56:46, EXEC, v:1, k:poo@relogio, mode:FULL, rate:0, size:62
2025-10-11 09:58:06, EXEC, v:1, k:poo@relogio, mode:FULL, rate:0, size:62
2025-10-11 09:59:52, EXEC, v:1, k:poo@relogio, mode:FULL, rate:0, size:62
2025-10-11 10:00:37, EXEC, v:1, k:poo@relogio, mode:FULL, rate:0, size:62
2025-10-11 10:02:18, EXEC, v:1, k:poo@relogio, mode:FULL, rate:0, size:62
2025-10-11 10:04:21, EXEC, v:1, k:poo@relogio, mode:FULL, rate:0, size:62
2025-10-11 10:04:36, EXEC, v:1, k:poo@relogio, mode:FULL, rate:0, size:62
2025-10-11 10:04:40, EXEC, v:1, k:poo@relogio, mode:FULL, rate:0
2025-10-11 10:05:13, EXEC, v:1, k:poo@relogio, mode:FULL, rate:0, size:62
2025-10-11 10:10:16, EXEC, v:1, k:poo@relogio, mode:FULL, rate:0, size:62
2025-10-11 10:11:12, EXEC, v:1, k:poo@relogio, mode:FULL, rate:0, size:62
2025-10-11 10:12:10, EXEC, v:1, k:poo@relogio, mode:FULL, rate:0, size:62
2025-10-11 10:12:22, MOVE, v:1, k:poo@relogio, mode:BACK
2025-10-11 10:13:21, MOVE, v:1, k:poo@relogio, mode:PICK
2025-10-11 10:13:24, EXEC, v:1, k:poo@relogio, mode:FULL, rate:0, size:62
2025-10-11 10:13:56, EXEC, v:1, k:poo@relogio, mode:FULL, rate:7, size:60
2025-10-11 10:16:48, EXEC, v:1, k:poo@relogio, mode:FULL, rate:30, size:63
2025-10-11 10:19:05, EXEC, v:1, k:poo@relogio, mode:FULL, rate:7, size:62
2025-10-11 10:24:20, EXEC, v:1, k:poo@relogio, mode:FULL, rate:7, size:62
2025-10-11 10:30:12, EXEC, v:1, k:poo@relogio, mode:FULL, rate:0, size:63
2025-10-11 10:30:21, EXEC, v:1, k:poo@relogio, mode:FULL, rate:30, size:63
2025-10-11 10:31:13, EXEC, v:1, k:poo@relogio, mode:FULL, rate:61, size:63
2025-10-11 10:38:38, EXEC, v:1, k:poo@relogio, mode:FULL, rate:61, size:78
2025-10-11 10:38:59, EXEC, v:1, k:poo@relogio, mode:FULL, rate:61, size:78
2025-10-11 10:39:14, EXEC, v:1, k:poo@relogio, mode:FULL, rate:61, size:78
2025-10-11 10:41:16, EXEC, v:1, k:poo@relogio, mode:FULL, rate:61, size:80
2025-10-11 10:45:56, EXEC, v:1, k:poo@relogio, mode:FULL, rate:76, size:79
2025-10-11 10:46:35, EXEC, v:1, k:poo@relogio, mode:FULL, rate:15, size:78
2025-10-11 10:47:23, EXEC, v:1, k:poo@relogio, mode:FULL, rate:76, size:78
2025-10-11 10:47:53, EXEC, v:1, k:poo@relogio, mode:FULL, rate:15, size:78
2025-10-11 10:50:03, EXEC, v:1, k:poo@relogio, mode:FULL, rate:76, size:78
2025-10-11 10:53:00, EXEC, v:1, k:poo@relogio, mode:FULL, rate:76, size:78
2025-10-11 10:58:35, EXEC, v:1, k:poo@relogio, mode:FULL, rate:76, size:84
2025-10-11 10:59:51, EXEC, v:1, k:poo@relogio, mode:FULL, rate:84, size:88
2025-10-11 11:08:52, EXEC, v:1, k:poo@relogio, mode:FULL, rate:76, size:94
2025-10-11 11:10:08, EXEC, v:1, k:poo@relogio, mode:FULL, rate:76, size:94
2025-10-11 11:13:26, EXEC, v:1, k:poo@relogio, mode:FULL, rate:76, size:94
2025-10-11 11:19:08, EXEC, v:1, k:poo@relogio, mode:FULL, rate:76, size:94
2025-10-11 11:19:10, EXEC, v:1, k:poo@relogio, mode:FULL, rate:76
2025-10-11 11:19:44, EXEC, v:1, k:poo@relogio, mode:FULL, rate:76, size:94
2025-10-11 11:20:17, EXEC, v:1, k:poo@relogio, mode:FULL, rate:84, size:94
2025-10-11 11:21:13, EXEC, v:1, k:poo@relogio, mode:FULL, rate:84, size:95
2025-10-11 11:23:07, EXEC, v:1, k:poo@relogio, mode:FULL, rate:92, size:95
2025-10-11 11:28:47, EXEC, v:1, k:poo@relogio, mode:FULL, rate:84, size:106
2025-10-11 11:31:19, EXEC, v:1, k:poo@relogio, mode:FULL, rate:76, size:101
2025-10-11 15:34:27, MOVE, v:1, k:poo@relogio, mode:PICK
2025-10-11 15:34:30, EXEC, v:1, k:poo@relogio, mode:FULL, rate:76, size:101
2025-10-11 15:37:34, EXEC, v:1, k:poo@relogio, mode:FULL, rate:76, size:95
2025-10-11 15:38:04, EXEC, v:1, k:poo@relogio, mode:FULL, rate:76, size:95
2025-10-11 15:53:33, EXEC, v:1, k:poo@relogio, mode:FULL, rate:76, size:97
2025-10-11 15:54:24, EXEC, v:1, k:poo@relogio, mode:FULL, rate:100, size:97
