2025-10-10 10:20:30, MOVE, v:1, k:poo@roupa, mode:PICK
2025-10-10 10:20:32, EXEC, v:1, k:poo@roupa, mode:FULL, rate:0
2025-10-10 10:21:12, EXEC, v:1, k:poo@roupa, mode:FULL, rate:0, size:33
2025-10-10 10:38:03, EXEC, v:1, k:poo@roupa, mode:FULL, rate:0, size:32
2025-10-10 10:38:07, EXEC, v:1, k:poo@roupa, mode:FREE
2025-10-10 10:43:40, EXEC, v:1, k:poo@roupa, mode:FULL, rate:0, size:32
2025-10-10 10:43:56, EXEC, v:1, k:poo@roupa, mode:FULL, rate:0, size:31
2025-10-10 10:44:09, EXEC, v:1, k:poo@roupa, mode:FULL, rate:0, size:31
2025-10-10 10:50:01, EXEC, v:1, k:poo@roupa, mode:FULL, rate:0, size:32
2025-10-10 10:51:38, EXEC, v:1, k:poo@roupa, mode:FULL, rate:0, size:33
2025-10-10 10:53:48, EXEC, v:1, k:poo@roupa, mode:FULL, rate:0, size:33
2025-10-10 10:55:08, EXEC, v:1, k:poo@roupa, mode:FULL, rate:0, size:33
2025-10-10 11:01:28, EXEC, v:1, k:poo@roupa, mode:FULL, rate:0, size:32
2025-10-10 11:02:09, EXEC, v:1, k:poo@roupa, mode:FULL, rate:0, size:33
2025-10-10 11:02:09, EXEC, v:1, k:poo@roupa, mode:FULL, rate:0, size:33
2025-10-10 11:02:10, EXEC, v:1, k:poo@roupa, mode:FULL, rate:0, size:33
2025-10-10 11:04:13, EXEC, v:1, k:poo@roupa, mode:FULL, rate:0, size:34
2025-10-10 11:04:14, EXEC, v:1, k:poo@roupa, mode:FULL, rate:0
2025-10-10 11:04:29, EXEC, v:1, k:poo@roupa, mode:FULL, rate:0, size:34
2025-10-10 11:04:31, EXEC, v:1, k:poo@roupa, mode:FULL, rate:0
2025-10-10 11:06:06, EXEC, v:1, k:poo@roupa, mode:FULL, rate:0, size:34
2025-10-10 11:06:38, EXEC, v:1, k:poo@roupa, mode:FULL, rate:0, size:34
2025-10-10 11:06:51, EXEC, v:1, k:poo@roupa, mode:FULL, rate:0, size:34
2025-10-10 11:07:13, EXEC, v:1, k:poo@roupa, mode:FULL, rate:0, size:34
2025-10-10 11:07:43, EXEC, v:1, k:poo@roupa, mode:FULL, rate:0, size:34
2025-10-10 11:08:08, EXEC, v:1, k:poo@roupa, mode:FULL, rate:0, size:34
2025-10-10 11:08:31, EXEC, v:1, k:poo@roupa, mode:FULL, rate:0, size:34
2025-10-10 11:10:47, EXEC, v:1, k:poo@roupa, mode:FULL, rate:0, size:34
2025-10-10 11:12:27, EXEC, v:1, k:poo@roupa, mode:FULL, rate:0, size:35
2025-10-10 11:13:04, EXEC, v:1, k:poo@roupa, mode:FULL, rate:0, size:35
2025-10-10 11:15:52, EXEC, v:1, k:poo@roupa, mode:FULL, rate:0, size:35
2025-10-10 11:17:34, EXEC, v:1, k:poo@roupa, mode:FULL, rate:0, size:35
2025-10-10 11:17:46, EXEC, v:1, k:poo@roupa, mode:FULL, rate:100, size:35
2025-10-10 11:23:12, MOVE, v:1, k:poo@roupa, mode:BACK
